<?xml version="1.0" encoding="UTF-8"?>
<!-- Generated by org.testng.reporters.JUnitXMLReporter -->
<testsuite ignored="0" hostname="DESKTOP-GI358GT" failures="1" tests="2" name="Test-2" time="21.551" errors="0" timestamp="2025-07-08T11:28:22 IST">
  <testcase classname="com.bank.blms.assinLockerTest.AssignLockerTest" name="assignLocker" time="12.833">
    <failure type="java.lang.AssertionError" message="The following asserts failed:
	expected [true] but found [false]">
      <![CDATA[java.lang.AssertionError: The following asserts failed:
expected [true] but found [false]
at com.bank.blms.assinLockerTest.AssignLockerTest.assignLocker(AssignLockerTest.java:67)
at java.base/java.util.ArrayList.forEach(ArrayList.java:1597)
at java.base/java.util.concurrent.FutureTask.run(FutureTask.java:317)
at java.base/java.util.concurrent.ThreadPoolExecutor.runWorker(ThreadPoolExecutor.java:1144)
at java.base/java.util.concurrent.ThreadPoolExecutor$Worker.run(ThreadPoolExecutor.java:642)
at java.base/java.lang.Thread.run(Thread.java:1575)
... Removed 17 stack frames]]>
    </failure>
  </testcase> <!-- assignLocker -->
  <testcase classname="com.bank.blms.assinLockerTest.AssignLockerTest" name="deleteAssignedLocker" time="0.0">
    <skipped/>
  </testcase> <!-- deleteAssignedLocker -->
</testsuite> <!-- Test-2 -->
